/COM,ANSYS RELEASE                   BUILD  0.0      UP00000000       00:00:00

 *** WARNING ***                         CP =       0.000   TIME= 00:00:00
 Assembly DIVA is deleted.                                               

 *** WARNING ***                         CP =       0.000   TIME= 00:00:00
 /IMAGE requires /MENU,ON or /MENU,GRPH.                                 
  Command ignored.                                                       

 *** WARNING ***                         CP =       0.000   TIME= 00:00:00
 Parameter NODEDATA already exists.  It is deleted and redefined by the  
 *DIM command.                                                           

 *** WARNING ***                         CP =       0.000   TIME= 00:00:00
 *VREAD end-of-file in data read.                                        

 *** WARNING ***                         CP =       0.000   TIME= 00:00:00
 The selected element set contains mixed materials.                      
  This could invalidate error estimation.                                

 *** WARNING ***                         CP =       0.000   TIME= 00:00:00
 The selected element set contains mixed materials.                      
  This could invalidate error estimation.                                
/COM,ANSYS RELEASE                   BUILD  0.0      UP00000000       00:00:00

 *** WARNING ***                         CP =       0.000   TIME= 00:00:00
 Assembly DIVA is deleted.                                               

 *** WARNING ***                         CP =       0.000   TIME= 00:00:00
 The selected element set contains mixed materials.                      
  This could invalidate error estimation.                                

 *** WARNING ***                         CP =       0.000   TIME= 00:00:00
 The selected element set contains mixed materials.                      
  This could invalidate error estimation.                                
/COM,ANSYS RELEASE                   BUILD  0.0      UP00000000       00:00:00

 *** WARNING ***                         CP =       0.000   TIME= 00:00:00
 Assembly DIVA is deleted.                                               

 *** WARNING ***                         CP =       0.000   TIME= 00:00:00
 The selected element set contains mixed materials.                      
  This could invalidate error estimation.                                

 *** WARNING ***                         CP =       0.000   TIME= 00:00:00
 The selected element set contains mixed materials.                      
  This could invalidate error estimation.                                
/COM,ANSYS RELEASE                   BUILD  0.0      UP00000000       00:00:00

 *** WARNING ***                         CP =       0.000   TIME= 00:00:00
 Assembly DIVA is deleted.                                               

 *** WARNING ***                         CP =       0.000   TIME= 00:00:00
 The selected element set contains mixed materials.                      
  This could invalidate error estimation.                                

 *** WARNING ***                         CP =       0.000   TIME= 00:00:00
 The selected element set contains mixed materials.                      
  This could invalidate error estimation.                                
/COM,ANSYS RELEASE                   BUILD  0.0      UP00000000       00:00:00

 *** WARNING ***                         CP =       0.000   TIME= 00:00:00
 Assembly DIVA is deleted.                                               

 *** WARNING ***                         CP =       0.000   TIME= 00:00:00
 Parameter NODEDATA already exists.  It is deleted and redefined by the  
 *DIM command.                                                           

 *** WARNING ***                         CP =       0.000   TIME= 00:00:00
 *VREAD end-of-file in data read.                                        

 *** WARNING ***                         CP =       0.000   TIME= 00:00:00
 The selected element set contains mixed materials.                      
  This could invalidate error estimation.                                

 *** WARNING ***                         CP =       0.000   TIME= 00:00:00
 The selected element set contains mixed materials.                      
  This could invalidate error estimation.                                
/COM,ANSYS RELEASE                   BUILD  0.0      UP00000000       00:00:00

 *** WARNING ***                         CP =       0.000   TIME= 00:00:00
 Parameter NODEDATA already exists.  It is deleted and redefined by the  
 *DIM command.                                                           

 *** WARNING ***                         CP =       0.000   TIME= 00:00:00
 *VREAD end-of-file in data read.                                        

 *** WARNING ***                         CP =       0.000   TIME= 00:00:00
 The selected element set contains mixed materials.                      
  This could invalidate error estimation.                                

 *** WARNING ***                         CP =       0.000   TIME= 00:00:00
 The selected element set contains mixed materials.                      
  This could invalidate error estimation.                                
/COM,ANSYS RELEASE                   BUILD  0.0      UP00000000       00:00:00

 *** WARNING ***                         CP =       0.000   TIME= 00:00:00
 Assembly DIVA is deleted.                                               

 *** WARNING ***                         CP =       0.000   TIME= 00:00:00
 Parameter NODEDATA already exists.  It is deleted and redefined by the  
 *DIM command.                                                           

 *** WARNING ***                         CP =       0.000   TIME= 00:00:00
 *VREAD end-of-file in data read.                                        

 *** WARNING ***                         CP =       0.000   TIME= 00:00:00
 The selected element set contains mixed materials.                      
  This could invalidate error estimation.                                

 *** WARNING ***                         CP =       0.000   TIME= 00:00:00
 The selected element set contains mixed materials.                      
  This could invalidate error estimation.                                
